  10_logical_operations.cpp
  16_break.cpp
D:\loran-project\C_lessons\Clessons\LessonsProject\LessonsProject\16_break.cpp(13,7): error C2065: i: необъявленный идентификатор
D:\loran-project\C_lessons\Clessons\LessonsProject\LessonsProject\16_break.cpp(13,14): error C2065: i: необъявленный идентификатор
D:\loran-project\C_lessons\Clessons\LessonsProject\LessonsProject\16_break.cpp(13,22): error C2065: i: необъявленный идентификатор
D:\loran-project\C_lessons\Clessons\LessonsProject\LessonsProject\16_break.cpp(15,42): error C2065: i: необъявленный идентификатор
D:\loran-project\C_lessons\Clessons\LessonsProject\LessonsProject\16_break.cpp(20,7): error C2065: i: необъявленный идентификатор
  17_continue.cpp
  18_nested_loop.cpp
D:\loran-project\C_lessons\Clessons\LessonsProject\LessonsProject\18_nested_loop.cpp(10,7): error C2065: i: необъявленный идентификатор
D:\loran-project\C_lessons\Clessons\LessonsProject\LessonsProject\18_nested_loop.cpp(10,14): error C2065: i: необъявленный идентификатор
D:\loran-project\C_lessons\Clessons\LessonsProject\LessonsProject\18_nested_loop.cpp(10,21): error C2065: i: необъявленный идентификатор
D:\loran-project\C_lessons\Clessons\LessonsProject\LessonsProject\18_nested_loop.cpp(12,73): error C2065: i: необъявленный идентификатор
  19_array.cpp
  23_rand_srand.cpp
D:\loran-project\C_lessons\Clessons\LessonsProject\LessonsProject\23_rand_srand.cpp(12,12): warning C4244: аргумент: преобразование "time_t" в "unsigned int", возможна потеря данных
D:\loran-project\C_lessons\Clessons\LessonsProject\LessonsProject\23_rand_srand.cpp(23,6): error C2133: arr: неизвестный размер
D:\loran-project\C_lessons\Clessons\LessonsProject\LessonsProject\23_rand_srand.cpp(27,7): error C2059: синтаксическая ошибка: ]
  2_escape_sequence.cpp
  4_variables.cpp
D:\loran-project\C_lessons\Clessons\LessonsProject\LessonsProject\4_variables.cpp(18,6): error C2086: int A: переопределение
D:\loran-project\C_lessons\Clessons\LessonsProject\LessonsProject\4_variables.cpp(15,6): message : см. объявление "A"
D:\loran-project\C_lessons\Clessons\LessonsProject\LessonsProject\4_variables.cpp(20,10): error C2065: a: необъявленный идентификатор
D:\loran-project\C_lessons\Clessons\LessonsProject\LessonsProject\4_variables.cpp(29,6): error C2086: int a: переопределение
D:\loran-project\C_lessons\Clessons\LessonsProject\LessonsProject\4_variables.cpp(24,6): message : см. объявление "a"
D:\loran-project\C_lessons\Clessons\LessonsProject\LessonsProject\4_variables.cpp(29,13): error C2086: int b: переопределение
D:\loran-project\C_lessons\Clessons\LessonsProject\LessonsProject\4_variables.cpp(24,9): message : см. объявление "b"
D:\loran-project\C_lessons\Clessons\LessonsProject\LessonsProject\4_variables.cpp(29,21): error C2086: int c: переопределение
D:\loran-project\C_lessons\Clessons\LessonsProject\LessonsProject\4_variables.cpp(24,12): message : см. объявление "c"
D:\loran-project\C_lessons\Clessons\LessonsProject\LessonsProject\4_variables.cpp(31,9): error C2371: a: переопределение; различные базовые типы
D:\loran-project\C_lessons\Clessons\LessonsProject\LessonsProject\4_variables.cpp(24,6): message : см. объявление "a"
D:\loran-project\C_lessons\Clessons\LessonsProject\LessonsProject\4_variables.cpp(33,7): error C2371: a: переопределение; различные базовые типы
D:\loran-project\C_lessons\Clessons\LessonsProject\LessonsProject\4_variables.cpp(24,6): message : см. объявление "a"
D:\loran-project\C_lessons\Clessons\LessonsProject\LessonsProject\4_variables.cpp(35,7): error C2371: a: переопределение; различные базовые типы
D:\loran-project\C_lessons\Clessons\LessonsProject\LessonsProject\4_variables.cpp(24,6): message : см. объявление "a"
  5_constant.cpp
D:\loran-project\C_lessons\Clessons\LessonsProject\LessonsProject\5_constant.cpp(19,2): error C3892: COUNT_DAYS_IN_WEEK: невозможно присваивать значения переменной, которая объявлена как константа
  6_data_input.cpp
  7_operators.cpp
D:\loran-project\C_lessons\Clessons\LessonsProject\LessonsProject\7_operators.cpp(49,6): error C2374: a: переопределение; множественная инициализация
D:\loran-project\C_lessons\Clessons\LessonsProject\LessonsProject\7_operators.cpp(19,6): message : см. объявление "a"
D:\loran-project\C_lessons\Clessons\LessonsProject\LessonsProject\7_operators.cpp(53,2): error C2065: или: необъявленный идентификатор
D:\loran-project\C_lessons\Clessons\LessonsProject\LessonsProject\7_operators.cpp(53,9): error C2146: синтаксическая ошибка: отсутствие ";" перед идентификатором "же"
D:\loran-project\C_lessons\Clessons\LessonsProject\LessonsProject\7_operators.cpp(53,9): error C2065: же: необъявленный идентификатор
D:\loran-project\C_lessons\Clessons\LessonsProject\LessonsProject\7_operators.cpp(55,2): error C2144: синтаксическая ошибка: перед "int" требуется ";"
D:\loran-project\C_lessons\Clessons\LessonsProject\LessonsProject\7_operators.cpp(55,6): error C2374: a: переопределение; множественная инициализация
D:\loran-project\C_lessons\Clessons\LessonsProject\LessonsProject\7_operators.cpp(19,6): message : см. объявление "a"
D:\loran-project\C_lessons\Clessons\LessonsProject\LessonsProject\7_operators.cpp(55,13): error C2374: b: переопределение; множественная инициализация
D:\loran-project\C_lessons\Clessons\LessonsProject\LessonsProject\7_operators.cpp(49,13): message : см. объявление "b"
  22_sizeof.cpp
  Создание кода...
